<?xml version="1.0" encoding="UTF-8"?>
<testng-results skipped="0" failed="0" total="1" passed="1">
  <reporter-output>
  </reporter-output>
  <suite name="BDD Test Suite" duration-ms="20489" started-at="2020-09-09T18:38:06Z" finished-at="2020-09-09T18:38:27Z">
    <groups>
      <group name="cucumber">
        <method signature="AbstractTestNGCucumberTests.feature(cucumber.api.testng.CucumberFeatureWrapper)[pri:0, instance:TestRunner_Backbase@7a5d012c]" name="feature" class="cucumber.api.testng.AbstractTestNGCucumberTests"/>
      </group> <!-- cucumber -->
    </groups>
    <test name="BackBase" duration-ms="20489" started-at="2020-09-09T18:38:06Z" finished-at="2020-09-09T18:38:27Z">
      <class name="TestRunner_Backbase">
        <test-method status="PASS" signature="setUpClass()[pri:0, instance:TestRunner_Backbase@7a5d012c]" name="setUpClass" is-config="true" duration-ms="124" started-at="2020-09-09T13:38:06Z" finished-at="2020-09-09T13:38:06Z">
          <reporter-output>
          </reporter-output>
        </test-method> <!-- setUpClass -->
        <test-method status="PASS" signature="feature(cucumber.api.testng.CucumberFeatureWrapper)[pri:0, instance:TestRunner_Backbase@7a5d012c]" name="feature" duration-ms="20303" started-at="2020-09-09T13:38:06Z" description="Runs Cucumber Feature" data-provider="features" finished-at="2020-09-09T13:38:27Z">
          <params>
            <param index="0">
              <value>
                <![CDATA[Test CRUD actions]]>
              </value>
            </param>
          </params>
          <reporter-output>
          </reporter-output>
        </test-method> <!-- feature -->
        <test-method status="PASS" signature="tearDownClass()[pri:0, instance:TestRunner_Backbase@7a5d012c]" name="tearDownClass" is-config="true" duration-ms="16" started-at="2020-09-09T13:38:27Z" finished-at="2020-09-09T13:38:27Z">
          <reporter-output>
          </reporter-output>
        </test-method> <!-- tearDownClass -->
      </class> <!-- TestRunner_Backbase -->
    </test> <!-- BackBase -->
  </suite> <!-- BDD Test Suite -->
</testng-results>
